2025-07-13 10:16:35 - delete_message.php accessed.
2025-07-13 10:16:35 - Current User: hamzah
2025-07-13 10:16:35 - Message ID to Delete: {message_id}
2025-07-13 10:16:35 - Comparing: ID='68738018555d9' (target: '{message_id}') | User='hamzah' (target: 'hamzah')
2025-07-13 10:16:35 - Comparing: ID='6873802acb642' (target: '{message_id}') | User='hamzah' (target: 'hamzah')
2025-07-13 10:16:35 - Comparing: ID='68738079989ba' (target: '{message_id}') | User='hamzah' (target: 'hamzah')
2025-07-13 10:16:35 - Comparing: ID='6873810f4c1b5' (target: '{message_id}') | User='hamzah' (target: 'hamzah')
2025-07-13 10:16:35 - Comparing: ID='68738371da259' (target: '{message_id}') | User='hamzah' (target: 'hamzah')
2025-07-13 10:16:35 - Message not found or unauthorized.
2025-07-13 10:19:48 - delete_message.php accessed.
2025-07-13 10:19:48 - Current User: hamzah
2025-07-13 10:19:48 - Message ID to Delete: 68738371da259
2025-07-13 10:19:48 - Comparing: ID='68738018555d9' (target: '68738371da259') | User='hamzah' (target: 'hamzah')
2025-07-13 10:19:48 - Comparing: ID='6873802acb642' (target: '68738371da259') | User='hamzah' (target: 'hamzah')
2025-07-13 10:19:48 - Comparing: ID='68738079989ba' (target: '68738371da259') | User='hamzah' (target: 'hamzah')
2025-07-13 10:19:48 - Comparing: ID='6873810f4c1b5' (target: '68738371da259') | User='hamzah' (target: 'hamzah')
2025-07-13 10:19:48 - Comparing: ID='68738371da259' (target: '68738371da259') | User='hamzah' (target: 'hamzah')
2025-07-13 10:19:48 - Message found and authorized. Marking as deleted.
2025-07-13 10:19:48 - Deletion successful.
2025-07-13 10:19:55 - delete_message.php accessed.
2025-07-13 10:19:55 - Current User: hamzah
2025-07-13 10:19:55 - Message ID to Delete: 6873810f4c1b5
2025-07-13 10:19:55 - Comparing: ID='68738018555d9' (target: '6873810f4c1b5') | User='hamzah' (target: 'hamzah')
2025-07-13 10:19:55 - Comparing: ID='6873802acb642' (target: '6873810f4c1b5') | User='hamzah' (target: 'hamzah')
2025-07-13 10:19:55 - Comparing: ID='68738079989ba' (target: '6873810f4c1b5') | User='hamzah' (target: 'hamzah')
2025-07-13 10:19:55 - Comparing: ID='6873810f4c1b5' (target: '6873810f4c1b5') | User='hamzah' (target: 'hamzah')
2025-07-13 10:19:55 - Message found and authorized. Marking as deleted.
2025-07-13 10:19:55 - Deletion successful.
2025-07-13 10:20:01 - delete_message.php accessed.
2025-07-13 10:20:01 - Current User: hamzah
2025-07-13 10:20:01 - Message ID to Delete: 68738079989ba
2025-07-13 10:20:01 - Comparing: ID='68738018555d9' (target: '68738079989ba') | User='hamzah' (target: 'hamzah')
2025-07-13 10:20:01 - Comparing: ID='6873802acb642' (target: '68738079989ba') | User='hamzah' (target: 'hamzah')
2025-07-13 10:20:01 - Comparing: ID='68738079989ba' (target: '68738079989ba') | User='hamzah' (target: 'hamzah')
2025-07-13 10:20:01 - Message found and authorized. Marking as deleted.
2025-07-13 10:20:01 - Deletion successful.
2025-07-13 10:20:05 - delete_message.php accessed.
2025-07-13 10:20:05 - Current User: hamzah
2025-07-13 10:20:05 - Message ID to Delete: 6873802acb642
2025-07-13 10:20:05 - Comparing: ID='68738018555d9' (target: '6873802acb642') | User='hamzah' (target: 'hamzah')
2025-07-13 10:20:05 - Comparing: ID='6873802acb642' (target: '6873802acb642') | User='hamzah' (target: 'hamzah')
2025-07-13 10:20:05 - Message found and authorized. Marking as deleted.
2025-07-13 10:20:05 - Deletion successful.
2025-07-13 10:28:42 - delete_message.php accessed.
2025-07-13 10:28:42 - Current User: hamzah
2025-07-13 10:28:42 - Message ID to Delete: 687389d506daa
2025-07-13 10:28:42 - Comparing: ID='68738018555d9' (target: '687389d506daa') | User='hamzah' (target: 'hamzah')
2025-07-13 10:28:42 - Comparing: ID='6873802acb642' (target: '687389d506daa') | User='hamzah' (target: 'hamzah')
2025-07-13 10:28:42 - Comparing: ID='68738079989ba' (target: '687389d506daa') | User='hamzah' (target: 'hamzah')
2025-07-13 10:28:42 - Comparing: ID='6873810f4c1b5' (target: '687389d506daa') | User='hamzah' (target: 'hamzah')
2025-07-13 10:28:42 - Comparing: ID='68738371da259' (target: '687389d506daa') | User='hamzah' (target: 'hamzah')
2025-07-13 10:28:42 - Comparing: ID='687389d506daa' (target: '687389d506daa') | User='hamzah' (target: 'hamzah')
2025-07-13 10:28:42 - Message found and authorized. Marking as deleted.
2025-07-13 10:28:42 - Deletion successful.
2025-07-13 10:29:48 - delete_message.php accessed.
2025-07-13 10:29:48 - Current User: hamzah
2025-07-13 10:29:48 - Message ID to Delete: 68738a82651eb
2025-07-13 10:29:48 - Comparing: ID='68738a7c23258' (target: '68738a82651eb') | User='hamzah2' (target: 'hamzah')
2025-07-13 10:29:48 - Comparing: ID='68738a82651eb' (target: '68738a82651eb') | User='hamzah' (target: 'hamzah')
2025-07-13 10:29:48 - Message found and authorized. Marking as deleted.
2025-07-13 10:29:48 - Deletion successful.
2025-07-13 10:30:15 - delete_message.php accessed.
2025-07-13 10:30:15 - Current User: hamzah
2025-07-13 10:30:15 - Message ID to Delete: 68738a82651eb
2025-07-13 10:30:15 - Comparing: ID='68738a7c23258' (target: '68738a82651eb') | User='hamzah2' (target: 'hamzah')
2025-07-13 10:30:15 - Comparing: ID='68738a82651eb' (target: '68738a82651eb') | User='hamzah' (target: 'hamzah')
2025-07-13 10:30:15 - Message found and authorized. Marking as deleted.
2025-07-13 10:30:15 - Deletion successful.
2025-07-13 10:31:57 - delete_message.php accessed.
2025-07-13 10:31:57 - Current User: hamzah2
2025-07-13 10:31:57 - Message ID to Delete: 68738a7c23258
2025-07-13 10:31:57 - Comparing: ID='68738a7c23258' (target: '68738a7c23258') | User='hamzah2' (target: 'hamzah2')
2025-07-13 10:31:57 - Message found and authorized. Marking as deleted.
2025-07-13 10:31:57 - Deletion successful.
2025-07-13 10:50:07 - delete_message.php accessed.
2025-07-13 10:50:07 - Current User: hamzah
2025-07-13 10:50:07 - Message ID to Delete: 68738f544adcd
2025-07-13 10:50:07 - Comparing: ID='68738f544adcd' (target: '68738f544adcd') | User='hamzah' (target: 'hamzah')
2025-07-13 10:50:07 - Message found and authorized. Marking as deleted.
2025-07-13 10:50:07 - Deletion successful.
2025-07-13 10:50:17 - delete_message.php accessed.
2025-07-13 10:50:17 - Current User: hamzah
2025-07-13 10:50:17 - Message ID to Delete: 68738f6692b1a
2025-07-13 10:50:17 - Comparing: ID='68738f544adcd' (target: '68738f6692b1a') | User='hamzah' (target: 'hamzah')
2025-07-13 10:50:17 - Comparing: ID='68738f6692b1a' (target: '68738f6692b1a') | User='hamzah' (target: 'hamzah')
2025-07-13 10:50:17 - Message found and authorized. Marking as deleted.
2025-07-13 10:50:17 - Deletion successful.
2025-07-13 10:55:01 - delete_message.php accessed.
2025-07-13 10:55:01 - Current User: hamzah (Role: admin)
2025-07-13 10:55:01 - Message ID to Delete: 687390736d11f
2025-07-13 10:55:01 - Comparing: ID='68738f544adcd' (target: '687390736d11f') | User='hamzah' (target: 'hamzah')
2025-07-13 10:55:01 - Comparing: ID='68738f6692b1a' (target: '687390736d11f') | User='hamzah' (target: 'hamzah')
2025-07-13 10:55:01 - Comparing: ID='68738f71b09a1' (target: '687390736d11f') | User='hamzah' (target: 'hamzah')
2025-07-13 10:55:01 - Comparing: ID='687390736d11f' (target: '687390736d11f') | User='hamzah2' (target: 'hamzah')
2025-07-13 10:55:01 - Message found and authorized. Marking as deleted.
2025-07-13 10:55:01 - Deletion successful.
2025-07-13 10:55:06 - delete_message.php accessed.
2025-07-13 10:55:06 - Current User: hamzah (Role: admin)
2025-07-13 10:55:06 - Message ID to Delete: 687390736d11f
2025-07-13 10:55:06 - Comparing: ID='68738f544adcd' (target: '687390736d11f') | User='hamzah' (target: 'hamzah')
2025-07-13 10:55:06 - Comparing: ID='68738f6692b1a' (target: '687390736d11f') | User='hamzah' (target: 'hamzah')
2025-07-13 10:55:06 - Comparing: ID='68738f71b09a1' (target: '687390736d11f') | User='hamzah' (target: 'hamzah')
2025-07-13 10:55:06 - Comparing: ID='687390736d11f' (target: '687390736d11f') | User='hamzah2' (target: 'hamzah')
2025-07-13 10:55:06 - Message found and authorized. Marking as deleted.
2025-07-13 10:55:06 - Deletion successful.
2025-07-13 10:55:10 - delete_message.php accessed.
2025-07-13 10:55:10 - Current User: hamzah (Role: admin)
2025-07-13 10:55:10 - Message ID to Delete: 68738f71b09a1
2025-07-13 10:55:10 - Comparing: ID='68738f544adcd' (target: '68738f71b09a1') | User='hamzah' (target: 'hamzah')
2025-07-13 10:55:10 - Comparing: ID='68738f6692b1a' (target: '68738f71b09a1') | User='hamzah' (target: 'hamzah')
2025-07-13 10:55:10 - Comparing: ID='68738f71b09a1' (target: '68738f71b09a1') | User='hamzah' (target: 'hamzah')
2025-07-13 10:55:10 - Message found and authorized. Marking as deleted.
2025-07-13 10:55:10 - Deletion successful.
2025-07-13 10:55:25 - delete_message.php accessed.
2025-07-13 10:55:25 - Current User: hamzah2 (Role: user)
2025-07-13 10:55:25 - Message ID to Delete: 6873909a4793e
2025-07-13 10:55:25 - Comparing: ID='68738f544adcd' (target: '6873909a4793e') | User='hamzah' (target: 'hamzah2')
2025-07-13 10:55:25 - Comparing: ID='68738f6692b1a' (target: '6873909a4793e') | User='hamzah' (target: 'hamzah2')
2025-07-13 10:55:25 - Comparing: ID='68738f71b09a1' (target: '6873909a4793e') | User='hamzah' (target: 'hamzah2')
2025-07-13 10:55:25 - Comparing: ID='687390736d11f' (target: '6873909a4793e') | User='hamzah2' (target: 'hamzah2')
2025-07-13 10:55:25 - Comparing: ID='6873909a4793e' (target: '6873909a4793e') | User='hamzah2' (target: 'hamzah2')
2025-07-13 10:55:25 - Message found and authorized. Marking as deleted.
2025-07-13 10:55:25 - Deletion successful.
2025-07-13 10:55:41 - delete_message.php accessed.
2025-07-13 10:55:41 - Current User: hamzah (Role: admin)
2025-07-13 10:55:41 - Message ID to Delete: 687390aa85e24
2025-07-13 10:55:41 - Comparing: ID='68738f544adcd' (target: '687390aa85e24') | User='hamzah' (target: 'hamzah')
2025-07-13 10:55:41 - Comparing: ID='68738f6692b1a' (target: '687390aa85e24') | User='hamzah' (target: 'hamzah')
2025-07-13 10:55:41 - Comparing: ID='68738f71b09a1' (target: '687390aa85e24') | User='hamzah' (target: 'hamzah')
2025-07-13 10:55:41 - Comparing: ID='687390736d11f' (target: '687390aa85e24') | User='hamzah2' (target: 'hamzah')
2025-07-13 10:55:41 - Comparing: ID='6873909a4793e' (target: '687390aa85e24') | User='hamzah2' (target: 'hamzah')
2025-07-13 10:55:41 - Comparing: ID='687390aa85e24' (target: '687390aa85e24') | User='hamzah' (target: 'hamzah')
2025-07-13 10:55:41 - Message found and authorized. Marking as deleted.
2025-07-13 10:55:41 - Deletion successful.
2025-07-13 10:58:35 - delete_message.php accessed.
2025-07-13 10:58:35 - Current User: hamzah (Role: admin)
2025-07-13 10:58:35 - Message ID to Delete: 687391525687f
2025-07-13 10:58:35 - Comparing: ID='6873914e70794' (target: '687391525687f') | User='hamzah' (target: 'hamzah')
2025-07-13 10:58:35 - Comparing: ID='687391525687f' (target: '687391525687f') | User='hamzah2' (target: 'hamzah')
2025-07-13 10:58:35 - Message found and authorized. Marking as deleted.
2025-07-13 10:58:35 - Deletion successful.
2025-07-13 10:59:01 - delete_message.php accessed.
2025-07-13 10:59:01 - Current User: hamzah (Role: admin)
2025-07-13 10:59:01 - Message ID to Delete: 6873914e70794
2025-07-13 10:59:01 - Comparing: ID='6873914e70794' (target: '6873914e70794') | User='hamzah' (target: 'hamzah')
2025-07-13 10:59:01 - Message found and authorized. Marking as deleted.
2025-07-13 10:59:01 - Deletion successful.
2025-07-13 11:01:11 - delete_message.php accessed.
2025-07-13 11:01:11 - Current User: hamzah2 (Role: user)
2025-07-13 11:01:11 - Message ID to Delete: 687391ebc84ef
2025-07-13 11:01:11 - Comparing: ID='6873914e70794' (target: '687391ebc84ef') | User='hamzah' (target: 'hamzah2')
2025-07-13 11:01:11 - Comparing: ID='687391525687f' (target: '687391ebc84ef') | User='hamzah2' (target: 'hamzah2')
2025-07-13 11:01:11 - Comparing: ID='687391ebc84ef' (target: '687391ebc84ef') | User='hamzah2' (target: 'hamzah2')
2025-07-13 11:01:11 - Message found and authorized. Marking as deleted.
2025-07-13 11:01:11 - Deletion successful.
2025-07-13 11:01:18 - delete_message.php accessed.
2025-07-13 11:01:18 - Current User: hamzah (Role: admin)
2025-07-13 11:01:18 - Message ID to Delete: 687391f101b43
2025-07-13 11:01:18 - Comparing: ID='6873914e70794' (target: '687391f101b43') | User='hamzah' (target: 'hamzah')
2025-07-13 11:01:18 - Comparing: ID='687391525687f' (target: '687391f101b43') | User='hamzah2' (target: 'hamzah')
2025-07-13 11:01:18 - Comparing: ID='687391ebc84ef' (target: '687391f101b43') | User='hamzah2' (target: 'hamzah')
2025-07-13 11:01:18 - Comparing: ID='687391f101b43' (target: '687391f101b43') | User='hamzah' (target: 'hamzah')
2025-07-13 11:01:18 - Message found and authorized. Marking as deleted.
2025-07-13 11:01:18 - Deletion successful.
2025-07-14 08:46:34 - delete_message.php accessed.
2025-07-14 08:46:34 - Current User: hamzah2 (Role: admin)
2025-07-14 08:46:34 - Message ID to Delete: 6874c0bab3ed1
2025-07-14 08:46:34 - Comparing: ID='6873914e70794' (target: '6874c0bab3ed1') | User='hamzah' (target: 'hamzah2')
2025-07-14 08:46:34 - Comparing: ID='687391525687f' (target: '6874c0bab3ed1') | User='hamzah2' (target: 'hamzah2')
2025-07-14 08:46:34 - Comparing: ID='687391ebc84ef' (target: '6874c0bab3ed1') | User='hamzah2' (target: 'hamzah2')
2025-07-14 08:46:34 - Comparing: ID='687391f101b43' (target: '6874c0bab3ed1') | User='hamzah' (target: 'hamzah2')
2025-07-14 08:46:34 - Comparing: ID='6874a25d75d97' (target: '6874c0bab3ed1') | User='hamzah' (target: 'hamzah2')
2025-07-14 08:46:34 - Comparing: ID='6874a2616dbbf' (target: '6874c0bab3ed1') | User='hamzah' (target: 'hamzah2')
2025-07-14 08:46:34 - Comparing: ID='6874bfc62bb0c' (target: '6874c0bab3ed1') | User='hamzah2' (target: 'hamzah2')
2025-07-14 08:46:34 - Comparing: ID='6874bfe7c40c4' (target: '6874c0bab3ed1') | User='hamzah' (target: 'hamzah2')
2025-07-14 08:46:34 - Comparing: ID='6874c02e4c361' (target: '6874c0bab3ed1') | User='hamzah2' (target: 'hamzah2')
2025-07-14 08:46:34 - Comparing: ID='6874c0bab3ed1' (target: '6874c0bab3ed1') | User='hamzah' (target: 'hamzah2')
2025-07-14 08:46:34 - Message found and authorized. Marking as deleted.
2025-07-14 08:46:34 - Deletion successful.
2025-07-14 08:55:41 - delete_message.php accessed.
2025-07-14 08:55:41 - Current User: hamzah2 (Role: admin)
2025-07-14 08:55:41 - Message ID to Delete: 6874c4012f3a9
2025-07-14 08:55:41 - Comparing: ID='6874c4012f3a9' (target: '6874c4012f3a9') | User='hamzah' (target: 'hamzah2')
2025-07-14 08:55:41 - Message found and authorized. Marking as deleted.
2025-07-14 08:55:41 - Deletion successful.
2025-07-14 08:58:16 - delete_message.php accessed.
2025-07-14 08:58:16 - Current User: hamzah (Role: ceo)
2025-07-14 08:58:16 - Message ID to Delete: 6874c40810764
2025-07-14 08:58:16 - Comparing: ID='6874c4012f3a9' (target: '6874c40810764') | User='hamzah' (target: 'hamzah')
2025-07-14 08:58:16 - Comparing: ID='6874c40810764' (target: '6874c40810764') | User='hamzah2' (target: 'hamzah')
2025-07-14 08:58:16 - Message found and authorized. Marking as deleted.
2025-07-14 08:58:16 - Deletion successful.
2025-07-14 08:58:20 - delete_message.php accessed.
2025-07-14 08:58:20 - Current User: hamzah2 (Role: admin)
2025-07-14 08:58:20 - Message ID to Delete: 6874c69f841ea
2025-07-14 08:58:20 - Comparing: ID='6874c4012f3a9' (target: '6874c69f841ea') | User='hamzah' (target: 'hamzah2')
2025-07-14 08:58:20 - Comparing: ID='6874c40810764' (target: '6874c69f841ea') | User='hamzah2' (target: 'hamzah2')
2025-07-14 08:58:20 - Comparing: ID='6874c69f841ea' (target: '6874c69f841ea') | User='hamzah' (target: 'hamzah2')
2025-07-14 08:58:20 - Message found and authorized. Marking as deleted.
2025-07-14 08:58:20 - Deletion successful.
2025-07-14 08:59:08 - delete_message.php accessed.
2025-07-14 08:59:08 - Current User: hamzah (Role: ceo)
2025-07-14 08:59:08 - Message ID to Delete: 6874c6cc7477c
2025-07-14 08:59:08 - Comparing: ID='6874c6cc7477c' (target: '6874c6cc7477c') | User='hamzah' (target: 'hamzah')
2025-07-14 08:59:08 - Message found and authorized. Marking as deleted.
2025-07-14 08:59:08 - Deletion successful.
2025-07-14 08:59:13 - delete_message.php accessed.
2025-07-14 08:59:13 - Current User: hamzah2 (Role: admin)
2025-07-14 08:59:13 - Message ID to Delete: 6874c6d20c195
2025-07-14 08:59:13 - Comparing: ID='6874c6cc7477c' (target: '6874c6d20c195') | User='hamzah' (target: 'hamzah2')
2025-07-14 08:59:13 - Comparing: ID='6874c6d20c195' (target: '6874c6d20c195') | User='hamzah2' (target: 'hamzah2')
2025-07-14 08:59:13 - Message found and authorized. Marking as deleted.
2025-07-14 08:59:13 - Deletion successful.
2025-07-14 09:00:49 - delete_message.php accessed.
2025-07-14 09:00:49 - Current User: hamzah (Role: ceo)
2025-07-14 09:00:49 - Message ID to Delete: 6874c738c45f1
2025-07-14 09:00:49 - Comparing: ID='6874c738c45f1' (target: '6874c738c45f1') | User='hamzah' (target: 'hamzah')
2025-07-14 09:00:49 - Message found and authorized. Marking as deleted.
2025-07-14 09:00:49 - Deletion successful.
2025-07-14 09:00:52 - delete_message.php accessed.
2025-07-14 09:00:52 - Current User: hamzah (Role: ceo)
2025-07-14 09:00:52 - Message ID to Delete: 6874c73a5e714
2025-07-14 09:00:52 - Comparing: ID='6874c738c45f1' (target: '6874c73a5e714') | User='hamzah' (target: 'hamzah')
2025-07-14 09:00:52 - Comparing: ID='6874c73a5e714' (target: '6874c73a5e714') | User='hamzah2' (target: 'hamzah')
2025-07-14 09:00:52 - Message found and authorized. Marking as deleted.
2025-07-14 09:00:52 - Deletion successful.
2025-07-14 09:00:57 - delete_message.php accessed.
2025-07-14 09:00:57 - Current User: hamzah2 (Role: admin)
2025-07-14 09:00:57 - Message ID to Delete: 6874c73be14f4
2025-07-14 09:00:57 - Comparing: ID='6874c738c45f1' (target: '6874c73be14f4') | User='hamzah' (target: 'hamzah2')
2025-07-14 09:00:57 - Comparing: ID='6874c73a5e714' (target: '6874c73be14f4') | User='hamzah2' (target: 'hamzah2')
2025-07-14 09:00:57 - Comparing: ID='6874c73be14f4' (target: '6874c73be14f4') | User='hamzah' (target: 'hamzah2')
2025-07-14 09:00:57 - Message found and authorized. Marking as deleted.
2025-07-14 09:00:57 - Deletion successful.
2025-07-14 09:01:01 - delete_message.php accessed.
2025-07-14 09:01:01 - Current User: hamzah2 (Role: admin)
2025-07-14 09:01:01 - Message ID to Delete: 6874c73dd7275
2025-07-14 09:01:01 - Comparing: ID='6874c738c45f1' (target: '6874c73dd7275') | User='hamzah' (target: 'hamzah2')
2025-07-14 09:01:01 - Comparing: ID='6874c73a5e714' (target: '6874c73dd7275') | User='hamzah2' (target: 'hamzah2')
2025-07-14 09:01:01 - Comparing: ID='6874c73be14f4' (target: '6874c73dd7275') | User='hamzah' (target: 'hamzah2')
2025-07-14 09:01:01 - Comparing: ID='6874c73dd7275' (target: '6874c73dd7275') | User='hamzah2' (target: 'hamzah2')
2025-07-14 09:01:01 - Message found and authorized. Marking as deleted.
2025-07-14 09:01:01 - Deletion successful.
